<?xml version="1.0" encoding="UTF-8" ?>
<testsuite tests="4" failures="0" name="com.example.FelineTest" time="0" errors="0" skipped="0">
  <properties>
[...]
</properties>
  <testcase classname="com.example.FelineTest" name="getFamilyTest" time="0"/>
  <testcase classname="com.example.FelineTest" name="getKittensTestParam" time="0"/>
  <testcase classname="com.example.FelineTest" name="getKittensTest" time="0"/>
  <testcase classname="com.example.FelineTest" name="eatMeatTest" time="0"/>
</testsuite>